<?xml version="1.0" encoding="UTF-8"?>
<!-- Generated by org.testng.reporters.JUnitXMLReporter -->
<testsuite ignored="0" hostname="DESKTOP-982KU37" failures="0" tests="2" name="Test" time="21.405" errors="0" timestamp="2023-10-21T05:43:34 IST">
  <testcase classname="org.rahulshetty.testrunner.BaseTest" name="@BeforeMethod configuration" time="20.33">
    <failure type="io.appium.java_client.service.local.AppiumServerHasNotBeenStartedLocallyException" message="[The local appium server has not been started, Reason: Timed out waiting for [http://127.0.0.1:4723/status] to be available after 20014 ms, Consider increasing the server startup timeout value (currently 20000ms), Node.js executable path: C:\Program Files\nodejs\node.exe, Arguments: [C:\Users\Dell\AppData\Roaming\npm\node_modules\appium\build\lib\main.js, --port, 4723, --address, 127.0.0.1], Output: [35m[Appium][39m Welcome to Appium v2.0.0 (REV HEAD)
[35m[Appium][39m Non-default server args:
[35m[Appium][39m { address: [32m&amp;apos;127.0.0.1&amp;apos;[39m }
[35m[Appium][39m Attempting to load driver uiautomator2...
[debug] [35m[Appium][39m Requiring driver at C:\Users\Dell\.appium\node_modules\appium-uiautomator2-driver
]">
      <![CDATA[io.appium.java_client.service.local.AppiumServerHasNotBeenStartedLocallyException: [The local appium server has not been started, Reason: Timed out waiting for [http://127.0.0.1:4723/status] to be available after 20014 ms, Consider increasing the server startup timeout value (currently 20000ms), Node.js executable path: C:\Program Files\nodejs\node.exe, Arguments: [C:\Users\Dell\AppData\Roaming\npm\node_modules\appium\build\lib\main.js, --port, 4723, --address, 127.0.0.1], Output: [35m[Appium][39m Welcome to Appium v2.0.0 (REV HEAD)
[35m[Appium][39m Non-default server args:
[35m[Appium][39m { address: [32m'127.0.0.1'[39m }
[35m[Appium][39m Attempting to load driver uiautomator2...
[debug] [35m[Appium][39m Requiring driver at C:\Users\Dell\.appium\node_modules\appium-uiautomator2-driver
]
at io.appium.java_client.service.local.AppiumDriverLocalService.start(AppiumDriverLocalService.java:202)
at org.rahulshetty.utils.AndroidUtil.startAppiumServer(AndroidUtil.java:67)
at org.rahulshetty.testrunner.BaseTest.configuration(BaseTest.java:19)
at java.base/java.util.ArrayList.forEach(ArrayList.java:1511)
Caused by: org.openqa.selenium.net.UrlChecker$TimeoutException: Timed out waiting for [http://127.0.0.1:4723/status] to be available after 20014 ms
at org.openqa.selenium.net.UrlChecker.waitUntilAvailable(UrlChecker.java:94)
at io.appium.java_client.service.local.AppiumDriverLocalService.ping(AppiumDriverLocalService.java:157)
at io.appium.java_client.service.local.AppiumDriverLocalService.start(AppiumDriverLocalService.java:181)
... 32 more
Caused by: java.util.concurrent.TimeoutException
at java.base/java.util.concurrent.FutureTask.get(FutureTask.java:204)
at org.openqa.selenium.net.UrlChecker.waitUntilAvailable(UrlChecker.java:91)
... 34 more
... Removed 29 stack frames]]>
    </failure>
  </testcase> <!-- @BeforeMethod configuration -->
  <testcase classname="org.rahulshetty.testrunner.BaseTest" name="@AfterMethod tearDown" time="0.0">
    <skipped/>
  </testcase> <!-- @AfterMethod tearDown -->
  <testcase classname="org.rahulshetty.testrunner.BaseTest" name="@BeforeMethod configuration" time="0.0">
    <skipped/>
  </testcase> <!-- @BeforeMethod configuration -->
  <testcase classname="org.rahulshetty.testrunner.BaseTest" name="@AfterMethod tearDown" time="0.0">
    <skipped/>
  </testcase> <!-- @AfterMethod tearDown -->
  <testcase classname="org.rahulshetty.testrunner.GeneralStoreApkTestRunner" name="fillFormPositiveFlow" time="0.001">
    <skipped/>
  </testcase> <!-- fillFormPositiveFlow -->
  <testcase classname="org.rahulshetty.testrunner.GeneralStoreApkTestRunner" name="fillFormPositiveFlow" time="0.0">
    <skipped/>
  </testcase> <!-- fillFormPositiveFlow -->
</testsuite> <!-- Test -->
